<?xml version="1.0" encoding="UTF-8"?>
<!-- Generated by org.testng.reporters.JUnitXMLReporter -->
<testsuite ignored="0" hostname="DESKTOP-EHG7AFE" failures="0" tests="4" name="Test" time="60.609" errors="0" timestamp="08 Jun 2020 20:19:25 GMT">
  <testcase classname="com.scripts.actitime.testactitime" name="loginactitime" time="1.554"/>
  <testcase classname="com.scripts.actitime.testactitime" name="customercreate" time="9.163"/>
  <testcase classname="com.scripts.actitime.testactitime" name="leavetype" time="14.756"/>
  <testcase classname="com.scripts.actitime.testactitime" name="worktype" time="11.924"/>
</testsuite> <!-- Test -->
