<?xml version="1.0" encoding="UTF-8"?>
<testng-results ignored="0" total="4" passed="4" failed="0" skipped="0">
  <reporter-output>
  </reporter-output>
  <suite started-at="2020-06-08T20:18:24Z" name="Suite" finished-at="2020-06-08T20:19:25Z" duration-ms="60609">
    <groups>
    </groups>
    <test started-at="2020-06-08T20:18:24Z" name="Test" finished-at="2020-06-08T20:19:25Z" duration-ms="60609">
      <class name="com.scripts.actitime.testactitime">
        <test-method is-config="true" signature="openBrowser()[pri:0, instance:com.scripts.actitime.testactitime@52bf72b5]" started-at="2020-06-08T20:18:24Z" name="openBrowser" finished-at="2020-06-08T20:18:30Z" duration-ms="6067" status="PASS">
          <reporter-output>
          </reporter-output>
        </test-method> <!-- openBrowser -->
        <test-method signature="loginactitime()[pri:0, instance:com.scripts.actitime.testactitime@52bf72b5]" started-at="2020-06-08T20:18:30Z" name="loginactitime" finished-at="2020-06-08T20:18:32Z" duration-ms="1554" status="PASS">
          <reporter-output>
          </reporter-output>
        </test-method> <!-- loginactitime -->
        <test-method is-config="true" signature="openBrowser()[pri:0, instance:com.scripts.actitime.testactitime@52bf72b5]" started-at="2020-06-08T20:18:32Z" name="openBrowser" finished-at="2020-06-08T20:18:37Z" duration-ms="5693" status="PASS">
          <reporter-output>
          </reporter-output>
        </test-method> <!-- openBrowser -->
        <test-method signature="customercreate()[pri:1, instance:com.scripts.actitime.testactitime@52bf72b5]" started-at="2020-06-08T20:18:37Z" name="customercreate" finished-at="2020-06-08T20:18:47Z" duration-ms="9163" status="PASS">
          <reporter-output>
          </reporter-output>
        </test-method> <!-- customercreate -->
        <test-method is-config="true" signature="openBrowser()[pri:0, instance:com.scripts.actitime.testactitime@52bf72b5]" started-at="2020-06-08T20:18:47Z" name="openBrowser" finished-at="2020-06-08T20:18:52Z" duration-ms="5436" status="PASS">
          <reporter-output>
          </reporter-output>
        </test-method> <!-- openBrowser -->
        <test-method signature="leavetype()[pri:2, instance:com.scripts.actitime.testactitime@52bf72b5]" started-at="2020-06-08T20:18:52Z" name="leavetype" finished-at="2020-06-08T20:19:07Z" duration-ms="14756" status="PASS">
          <reporter-output>
          </reporter-output>
        </test-method> <!-- leavetype -->
        <test-method is-config="true" signature="openBrowser()[pri:0, instance:com.scripts.actitime.testactitime@52bf72b5]" started-at="2020-06-08T20:19:07Z" name="openBrowser" finished-at="2020-06-08T20:19:13Z" duration-ms="5980" status="PASS">
          <reporter-output>
          </reporter-output>
        </test-method> <!-- openBrowser -->
        <test-method signature="worktype()[pri:3, instance:com.scripts.actitime.testactitime@52bf72b5]" started-at="2020-06-08T20:19:13Z" name="worktype" finished-at="2020-06-08T20:19:25Z" duration-ms="11924" status="PASS">
          <reporter-output>
          </reporter-output>
        </test-method> <!-- worktype -->
      </class> <!-- com.scripts.actitime.testactitime -->
    </test> <!-- Test -->
  </suite> <!-- Suite -->
</testng-results>
